生成启动时间为 2019/12/6 14:18:12。
     1>项目“F:\Visual studio 2013编程\代码文件\test_2019_12_6\test_2019_12_6\test_2019_12_6.vcxproj”在节点 2 上(ClCompile 个目标)。
     1>ClCompile:
         F:\Visual studio 2013编程\VC\bin\CL.exe /c /I"F:\Visual studio 2013编程\Visual Leak Detector\include" /ZI /nologo /W3 /WX- /sdl /Od /Oy- /D _MBCS /Gm /EHsc /RTC1 /MDd /GS /fp:precise /Zc:wchar_t /Zc:forScope /Fo"Debug\\" /Fd"Debug\vc120.pdb" /Gd /TP /analyze- /errorReport:prompt test.cpp
         test.cpp
     1>f:\visual studio 2013编程\代码文件\test_2019_12_6\test_2019_12_6\test.cpp(25): error C2065: “string”: 未声明的标识符
     1>f:\visual studio 2013编程\代码文件\test_2019_12_6\test_2019_12_6\test.cpp(25): error C2146: 语法错误: 缺少“;”(在标识符“s”的前面)
     1>f:\visual studio 2013编程\代码文件\test_2019_12_6\test_2019_12_6\test.cpp(25): error C2065: “s”: 未声明的标识符
     1>已完成生成项目“F:\Visual studio 2013编程\代码文件\test_2019_12_6\test_2019_12_6\test_2019_12_6.vcxproj”(ClCompile 个目标)的操作 - 失败。

生成失败。

已用时间 00:00:00.50
